2025-02-25 11:03:07 [restartedMain] INFO  c.b.E.EmployeePayrollAppApplication - Starting EmployeePayrollAppApplication using Java 23.0.1 with PID 20272 (C:\Users\HI\IdeaProjects\projectcapgemini\Week06-07EmployeePayrollApp\EmployeePayrollApp\target\classes started by HI in C:\Users\HI\IdeaProjects\projectcapgemini\Week06-07EmployeePayrollApp\EmployeePayrollApp)
2025-02-25 11:03:07 [restartedMain] INFO  c.b.E.EmployeePayrollAppApplication - No active profile set, falling back to 1 default profile: "default"
2025-02-25 11:03:07 [restartedMain] INFO  o.s.b.d.e.DevToolsPropertyDefaultsPostProcessor - Devtools property defaults active! Set 'spring.devtools.add-properties' to 'false' to disable
2025-02-25 11:03:07 [restartedMain] INFO  o.s.b.d.e.DevToolsPropertyDefaultsPostProcessor - For additional web related logging consider setting the 'logging.level.web' property to 'DEBUG'
2025-02-25 11:03:08 [restartedMain] INFO  o.s.d.r.c.RepositoryConfigurationDelegate - Bootstrapping Spring Data JPA repositories in DEFAULT mode.
2025-02-25 11:03:08 [restartedMain] INFO  o.s.d.r.c.RepositoryConfigurationDelegate - Finished Spring Data repository scanning in 51 ms. Found 1 JPA repository interface.
2025-02-25 11:03:09 [restartedMain] INFO  o.s.b.w.e.tomcat.TomcatWebServer - Tomcat initialized with port 8080 (http)
2025-02-25 11:03:09 [restartedMain] INFO  o.a.catalina.core.StandardService - Starting service [Tomcat]
2025-02-25 11:03:09 [restartedMain] INFO  o.a.catalina.core.StandardEngine - Starting Servlet engine: [Apache Tomcat/10.1.36]
2025-02-25 11:03:09 [restartedMain] INFO  o.a.c.c.C.[Tomcat].[localhost].[/] - Initializing Spring embedded WebApplicationContext
2025-02-25 11:03:09 [restartedMain] INFO  o.s.b.w.s.c.ServletWebServerApplicationContext - Root WebApplicationContext: initialization completed in 1856 ms
2025-02-25 11:03:09 [restartedMain] INFO  o.h.jpa.internal.util.LogHelper - HHH000204: Processing PersistenceUnitInfo [name: default]
2025-02-25 11:03:10 [restartedMain] INFO  org.hibernate.Version - HHH000412: Hibernate ORM core version 6.6.8.Final
2025-02-25 11:03:10 [restartedMain] INFO  o.h.c.i.RegionFactoryInitiator - HHH000026: Second-level cache disabled
2025-02-25 11:03:10 [restartedMain] INFO  o.s.o.j.p.SpringPersistenceUnitInfo - No LoadTimeWeaver setup: ignoring JPA class transformer
2025-02-25 11:03:10 [restartedMain] INFO  com.zaxxer.hikari.HikariDataSource - HikariPool-1 - Starting...
2025-02-25 11:03:10 [restartedMain] INFO  com.zaxxer.hikari.pool.HikariPool - HikariPool-1 - Added connection conn0: url=jdbc:h2:file:./data/employeedb user=SA
2025-02-25 11:03:10 [restartedMain] INFO  com.zaxxer.hikari.HikariDataSource - HikariPool-1 - Start completed.
2025-02-25 11:03:10 [restartedMain] WARN  org.hibernate.orm.deprecation - HHH90000025: H2Dialect does not need to be specified explicitly using 'hibernate.dialect' (remove the property setting and it will be selected by default)
2025-02-25 11:03:10 [restartedMain] INFO  o.hibernate.orm.connections.pooling - HHH10001005: Database info:
	Database JDBC URL [Connecting through datasource 'HikariDataSource (HikariPool-1)']
	Database driver: undefined/unknown
	Database version: 2.3.232
	Autocommit mode: undefined/unknown
	Isolation level: undefined/unknown
	Minimum pool size: undefined/unknown
	Maximum pool size: undefined/unknown
2025-02-25 11:03:12 [restartedMain] INFO  o.h.e.t.j.p.i.JtaPlatformInitiator - HHH000489: No JTA platform available (set 'hibernate.transaction.jta.platform' to enable JTA platform integration)
2025-02-25 11:03:12 [restartedMain] INFO  o.s.o.j.LocalContainerEntityManagerFactoryBean - Initialized JPA EntityManagerFactory for persistence unit 'default'
2025-02-25 11:03:12 [restartedMain] WARN  o.s.b.a.o.j.JpaBaseConfiguration$JpaWebConfiguration - spring.jpa.open-in-view is enabled by default. Therefore, database queries may be performed during view rendering. Explicitly configure spring.jpa.open-in-view to disable this warning
2025-02-25 11:03:12 [restartedMain] INFO  o.s.b.a.h.H2ConsoleAutoConfiguration - H2 console available at '/h2-console'. Database available at 'jdbc:h2:file:./data/employeedb'
2025-02-25 11:03:12 [restartedMain] INFO  o.s.b.d.a.OptionalLiveReloadServer - LiveReload server is running on port 35729
2025-02-25 11:03:13 [restartedMain] INFO  o.s.b.w.e.tomcat.TomcatWebServer - Tomcat started on port 8080 (http) with context path '/'
2025-02-25 11:03:13 [restartedMain] INFO  c.b.E.EmployeePayrollAppApplication - Started EmployeePayrollAppApplication in 5.881 seconds (process running for 6.636)
2025-02-25 11:03:13 [restartedMain] INFO  c.b.E.EmployeePayrollAppApplication - Employee Payroll Application has started successfully.
2025-02-25 11:06:31 [SpringApplicationShutdownHook] INFO  o.s.b.w.e.tomcat.GracefulShutdown - Commencing graceful shutdown. Waiting for active requests to complete
2025-02-25 11:06:31 [tomcat-shutdown] INFO  o.s.b.w.e.tomcat.GracefulShutdown - Graceful shutdown complete
2025-02-25 11:06:31 [SpringApplicationShutdownHook] INFO  o.s.o.j.LocalContainerEntityManagerFactoryBean - Closing JPA EntityManagerFactory for persistence unit 'default'
2025-02-25 11:06:31 [SpringApplicationShutdownHook] INFO  com.zaxxer.hikari.HikariDataSource - HikariPool-1 - Shutdown initiated...
2025-02-25 11:06:31 [SpringApplicationShutdownHook] INFO  com.zaxxer.hikari.HikariDataSource - HikariPool-1 - Shutdown completed.
2025-02-25 11:47:08 [INFO][restartedMain] [c.b.E.EmployeePayrollAppApplication:53] - Starting EmployeePayrollAppApplication using Java 23.0.1 with PID 18160 (C:\Users\HI\IdeaProjects\projectcapgemini\Week06-07EmployeePayrollApp\EmployeePayrollApp\target\classes started by HI in C:\Users\HI\IdeaProjects\projectcapgemini\Week06-07EmployeePayrollApp\EmployeePayrollApp)
2025-02-25 11:47:08 [DEBUG][restartedMain] [c.b.E.EmployeePayrollAppApplication:54] - Running with Spring Boot v3.4.3, Spring v6.2.3
2025-02-25 11:47:08 [INFO][restartedMain] [c.b.E.EmployeePayrollAppApplication:658] - The following 1 profile is active: "dev"
2025-02-25 11:47:13 [WARN][restartedMain] [o.s.b.a.o.j.JpaBaseConfiguration$JpaWebConfiguration:241] - spring.jpa.open-in-view is enabled by default. Therefore, database queries may be performed during view rendering. Explicitly configure spring.jpa.open-in-view to disable this warning
2025-02-25 11:47:13 [INFO][restartedMain] [c.b.E.EmployeePayrollAppApplication:59] - Started EmployeePayrollAppApplication in 6.149 seconds (process running for 6.946)
2025-02-25 11:47:13 [INFO][restartedMain] [c.b.E.EmployeePayrollAppApplication:13] - Employee Payroll Application has started successfully
2025-02-25 11:51:14 [INFO][restartedMain] [c.b.E.EmployeePayrollAppApplication:53] - Starting EmployeePayrollAppApplication using Java 23.0.1 with PID 20028 (C:\Users\HI\IdeaProjects\projectcapgemini\Week06-07EmployeePayrollApp\EmployeePayrollApp\target\classes started by HI in C:\Users\HI\IdeaProjects\projectcapgemini\Week06-07EmployeePayrollApp\EmployeePayrollApp)
2025-02-25 11:51:14 [DEBUG][restartedMain] [c.b.E.EmployeePayrollAppApplication:54] - Running with Spring Boot v3.4.3, Spring v6.2.3
2025-02-25 11:51:14 [INFO][restartedMain] [c.b.E.EmployeePayrollAppApplication:658] - The following 1 profile is active: "dev"
2025-02-25 11:51:18 [WARN][restartedMain] [o.s.b.a.o.j.JpaBaseConfiguration$JpaWebConfiguration:241] - spring.jpa.open-in-view is enabled by default. Therefore, database queries may be performed during view rendering. Explicitly configure spring.jpa.open-in-view to disable this warning
2025-02-25 11:51:19 [INFO][restartedMain] [c.b.E.EmployeePayrollAppApplication:59] - Started EmployeePayrollAppApplication in 5.122 seconds (process running for 5.774)
2025-02-25 11:51:19 [INFO][restartedMain] [c.b.E.EmployeePayrollAppApplication:13] - Employee Payroll Application has started successfully
2025-02-25 12:01:32 [INFO][restartedMain] [c.b.E.EmployeePayrollAppApplication:53] - Starting EmployeePayrollAppApplication using Java 23.0.1 with PID 12688 (C:\Users\HI\IdeaProjects\projectcapgemini\Week06-07EmployeePayrollApp\EmployeePayrollApp\target\classes started by HI in C:\Users\HI\IdeaProjects\projectcapgemini\Week06-07EmployeePayrollApp\EmployeePayrollApp)
2025-02-25 12:01:32 [DEBUG][restartedMain] [c.b.E.EmployeePayrollAppApplication:54] - Running with Spring Boot v3.4.3, Spring v6.2.3
2025-02-25 12:01:32 [INFO][restartedMain] [c.b.E.EmployeePayrollAppApplication:658] - The following 1 profile is active: "dev"
2025-02-25 12:01:37 [WARN][restartedMain] [o.s.b.a.o.j.JpaBaseConfiguration$JpaWebConfiguration:241] - spring.jpa.open-in-view is enabled by default. Therefore, database queries may be performed during view rendering. Explicitly configure spring.jpa.open-in-view to disable this warning
2025-02-25 12:01:37 [INFO][restartedMain] [c.b.E.EmployeePayrollAppApplication:59] - Started EmployeePayrollAppApplication in 5.255 seconds (process running for 5.82)
2025-02-25 12:01:37 [INFO][restartedMain] [c.b.E.EmployeePayrollAppApplication:13] - Employee Payroll Application has started successfully in enviroment :DEV
2025-02-25 12:03:17 [INFO][restartedMain] [c.b.E.EmployeePayrollAppApplication:53] - Starting EmployeePayrollAppApplication using Java 23.0.1 with PID 18188 (C:\Users\HI\IdeaProjects\projectcapgemini\Week06-07EmployeePayrollApp\EmployeePayrollApp\target\classes started by HI in C:\Users\HI\IdeaProjects\projectcapgemini\Week06-07EmployeePayrollApp\EmployeePayrollApp)
2025-02-25 12:03:17 [DEBUG][restartedMain] [c.b.E.EmployeePayrollAppApplication:54] - Running with Spring Boot v3.4.3, Spring v6.2.3
2025-02-25 12:03:17 [INFO][restartedMain] [c.b.E.EmployeePayrollAppApplication:658] - The following 1 profile is active: "dev"
2025-02-25 12:03:20 [WARN][restartedMain] [o.s.b.a.o.j.JpaBaseConfiguration$JpaWebConfiguration:241] - spring.jpa.open-in-view is enabled by default. Therefore, database queries may be performed during view rendering. Explicitly configure spring.jpa.open-in-view to disable this warning
2025-02-25 12:03:21 [INFO][restartedMain] [c.b.E.EmployeePayrollAppApplication:59] - Started EmployeePayrollAppApplication in 4.547 seconds (process running for 5.102)
2025-02-25 12:03:21 [INFO][restartedMain] [c.b.E.EmployeePayrollAppApplication:13] - Employee Payroll Application has started successfully in enviroment: DEV
2025-02-25 12:09:15 [DEBUG][http-nio-8080-exec-2] [o.h.SQL:135] - select e1_0.id,e1_0.name,e1_0.salary from employee e1_0
2025-02-25 12:09:28 [DEBUG][http-nio-8080-exec-4] [o.h.SQL:135] - insert into employee (name,salary,id) values (?,?,default)
2025-02-25 12:09:35 [DEBUG][http-nio-8080-exec-5] [o.h.SQL:135] - select e1_0.id,e1_0.name,e1_0.salary from employee e1_0
2025-02-25 12:27:44 [INFO][restartedMain] [c.b.E.EmployeePayrollAppApplication:53] - Starting EmployeePayrollAppApplication using Java 23.0.1 with PID 3124 (C:\Users\HI\IdeaProjects\projectcapgemini\Week06-07EmployeePayrollApp\EmployeePayrollApp\target\classes started by HI in C:\Users\HI\IdeaProjects\projectcapgemini\Week06-07EmployeePayrollApp\EmployeePayrollApp)
2025-02-25 12:27:44 [DEBUG][restartedMain] [c.b.E.EmployeePayrollAppApplication:54] - Running with Spring Boot v3.4.3, Spring v6.2.3
2025-02-25 12:27:44 [INFO][restartedMain] [c.b.E.EmployeePayrollAppApplication:658] - The following 1 profile is active: "dev"
2025-02-25 12:27:48 [WARN][restartedMain] [o.s.b.a.o.j.JpaBaseConfiguration$JpaWebConfiguration:241] - spring.jpa.open-in-view is enabled by default. Therefore, database queries may be performed during view rendering. Explicitly configure spring.jpa.open-in-view to disable this warning
2025-02-25 12:27:48 [INFO][restartedMain] [c.b.E.EmployeePayrollAppApplication:59] - Started EmployeePayrollAppApplication in 5.268 seconds (process running for 5.9)
2025-02-25 12:27:48 [INFO][restartedMain] [c.b.E.EmployeePayrollAppApplication:13] - Employee Payroll Application has started successfully in enviroment: DEV
2025-02-25 12:35:48 [INFO][restartedMain] [c.b.E.EmployeePayrollAppApplication:53] - Starting EmployeePayrollAppApplication using Java 23.0.1 with PID 16040 (C:\Users\HI\IdeaProjects\projectcapgemini\Week06-07EmployeePayrollApp\EmployeePayrollApp\target\classes started by HI in C:\Users\HI\IdeaProjects\projectcapgemini\Week06-07EmployeePayrollApp\EmployeePayrollApp)
2025-02-25 12:35:48 [DEBUG][restartedMain] [c.b.E.EmployeePayrollAppApplication:54] - Running with Spring Boot v3.4.3, Spring v6.2.3
2025-02-25 12:35:48 [INFO][restartedMain] [c.b.E.EmployeePayrollAppApplication:658] - The following 1 profile is active: "dev"
2025-02-25 12:36:04 [WARN][restartedMain] [o.s.b.a.o.j.JpaBaseConfiguration$JpaWebConfiguration:241] - spring.jpa.open-in-view is enabled by default. Therefore, database queries may be performed during view rendering. Explicitly configure spring.jpa.open-in-view to disable this warning
2025-02-25 12:36:05 [INFO][restartedMain] [c.b.E.EmployeePayrollAppApplication:59] - Started EmployeePayrollAppApplication in 18.942 seconds (process running for 30.461)
2025-02-25 12:36:05 [INFO][restartedMain] [c.b.E.EmployeePayrollAppApplication:13] - Employee Payroll Application has started successfully in enviroment: DEV
2025-02-25 12:52:30 [INFO][restartedMain] [c.b.E.EmployeePayrollAppApplication:53] - Starting EmployeePayrollAppApplication using Java 23.0.1 with PID 12168 (C:\Users\HI\IdeaProjects\projectcapgemini\Week06-07EmployeePayrollApp\EmployeePayrollApp\target\classes started by HI in C:\Users\HI\IdeaProjects\projectcapgemini\Week06-07EmployeePayrollApp\EmployeePayrollApp)
2025-02-25 12:52:30 [DEBUG][restartedMain] [c.b.E.EmployeePayrollAppApplication:54] - Running with Spring Boot v3.4.3, Spring v6.2.3
2025-02-25 12:52:30 [INFO][restartedMain] [c.b.E.EmployeePayrollAppApplication:658] - The following 1 profile is active: "dev"
2025-02-25 12:52:34 [WARN][restartedMain] [o.s.b.a.o.j.JpaBaseConfiguration$JpaWebConfiguration:241] - spring.jpa.open-in-view is enabled by default. Therefore, database queries may be performed during view rendering. Explicitly configure spring.jpa.open-in-view to disable this warning
2025-02-25 12:52:34 [INFO][restartedMain] [c.b.E.EmployeePayrollAppApplication:59] - Started EmployeePayrollAppApplication in 4.801 seconds (process running for 7.861)
2025-02-25 12:52:34 [INFO][restartedMain] [c.b.E.EmployeePayrollAppApplication:13] - Employee Payroll Application has started successfully in enviroment: DEV
2025-02-25 13:03:15 [INFO][restartedMain] [c.b.E.EmployeePayrollAppApplication:53] - Starting EmployeePayrollAppApplication using Java 23.0.1 with PID 2696 (C:\Users\HI\IdeaProjects\projectcapgemini\Week06-07EmployeePayrollApp\EmployeePayrollApp\target\classes started by HI in C:\Users\HI\IdeaProjects\projectcapgemini\Week06-07EmployeePayrollApp\EmployeePayrollApp)
2025-02-25 13:03:15 [DEBUG][restartedMain] [c.b.E.EmployeePayrollAppApplication:54] - Running with Spring Boot v3.4.3, Spring v6.2.3
2025-02-25 13:03:15 [INFO][restartedMain] [c.b.E.EmployeePayrollAppApplication:658] - The following 1 profile is active: "dev"
2025-02-25 13:03:17 [ERROR][restartedMain] [o.s.o.j.LocalContainerEntityManagerFactoryBean:436] - Failed to initialize JPA EntityManagerFactory: [PersistenceUnit: default] Unable to build Hibernate SessionFactory; nested exception is java.lang.RuntimeException: Driver org.h2.Driver claims to not accept jdbcUrl, jdbc:mysql://localhost:3306/employee_payroll_db
2025-02-25 13:03:17 [WARN][restartedMain] [o.s.b.w.s.c.AnnotationConfigServletWebServerApplicationContext:635] - Exception encountered during context initialization - cancelling refresh attempt: org.springframework.beans.factory.BeanCreationException: Error creating bean with name 'entityManagerFactory' defined in class path resource [org/springframework/boot/autoconfigure/orm/jpa/HibernateJpaConfiguration.class]: [PersistenceUnit: default] Unable to build Hibernate SessionFactory; nested exception is java.lang.RuntimeException: Driver org.h2.Driver claims to not accept jdbcUrl, jdbc:mysql://localhost:3306/employee_payroll_db
2025-02-25 13:03:18 [ERROR][restartedMain] [o.s.b.SpringApplication:857] - Application run failed
org.springframework.beans.factory.BeanCreationException: Error creating bean with name 'entityManagerFactory' defined in class path resource [org/springframework/boot/autoconfigure/orm/jpa/HibernateJpaConfiguration.class]: [PersistenceUnit: default] Unable to build Hibernate SessionFactory; nested exception is java.lang.RuntimeException: Driver org.h2.Driver claims to not accept jdbcUrl, jdbc:mysql://localhost:3306/employee_payroll_db
	at org.springframework.beans.factory.support.AbstractAutowireCapableBeanFactory.initializeBean(AbstractAutowireCapableBeanFactory.java:1812)
	at org.springframework.beans.factory.support.AbstractAutowireCapableBeanFactory.doCreateBean(AbstractAutowireCapableBeanFactory.java:601)
	at org.springframework.beans.factory.support.AbstractAutowireCapableBeanFactory.createBean(AbstractAutowireCapableBeanFactory.java:523)
	at org.springframework.beans.factory.support.AbstractBeanFactory.lambda$doGetBean$0(AbstractBeanFactory.java:339)
	at org.springframework.beans.factory.support.DefaultSingletonBeanRegistry.getSingleton(DefaultSingletonBeanRegistry.java:346)
	at org.springframework.beans.factory.support.AbstractBeanFactory.doGetBean(AbstractBeanFactory.java:337)
	at org.springframework.beans.factory.support.AbstractBeanFactory.getBean(AbstractBeanFactory.java:207)
	at org.springframework.context.support.AbstractApplicationContext.finishBeanFactoryInitialization(AbstractApplicationContext.java:970)
	at org.springframework.context.support.AbstractApplicationContext.refresh(AbstractApplicationContext.java:627)
	at org.springframework.boot.web.servlet.context.ServletWebServerApplicationContext.refresh(ServletWebServerApplicationContext.java:146)
	at org.springframework.boot.SpringApplication.refresh(SpringApplication.java:752)
	at org.springframework.boot.SpringApplication.refreshContext(SpringApplication.java:439)
	at org.springframework.boot.SpringApplication.run(SpringApplication.java:318)
	at org.springframework.boot.SpringApplication.run(SpringApplication.java:1361)
	at org.springframework.boot.SpringApplication.run(SpringApplication.java:1350)
	at com.bridgelabz.EmployeePayrollApp.EmployeePayrollAppApplication.main(EmployeePayrollAppApplication.java:12)
	at java.base/jdk.internal.reflect.DirectMethodHandleAccessor.invoke(DirectMethodHandleAccessor.java:103)
	at java.base/java.lang.reflect.Method.invoke(Method.java:580)
	at org.springframework.boot.devtools.restart.RestartLauncher.run(RestartLauncher.java:50)
Caused by: jakarta.persistence.PersistenceException: [PersistenceUnit: default] Unable to build Hibernate SessionFactory; nested exception is java.lang.RuntimeException: Driver org.h2.Driver claims to not accept jdbcUrl, jdbc:mysql://localhost:3306/employee_payroll_db
	at org.springframework.orm.jpa.AbstractEntityManagerFactoryBean.buildNativeEntityManagerFactory(AbstractEntityManagerFactoryBean.java:431)
	at org.springframework.orm.jpa.AbstractEntityManagerFactoryBean.afterPropertiesSet(AbstractEntityManagerFactoryBean.java:400)
	at org.springframework.orm.jpa.LocalContainerEntityManagerFactoryBean.afterPropertiesSet(LocalContainerEntityManagerFactoryBean.java:366)
	at org.springframework.beans.factory.support.AbstractAutowireCapableBeanFactory.invokeInitMethods(AbstractAutowireCapableBeanFactory.java:1859)
	at org.springframework.beans.factory.support.AbstractAutowireCapableBeanFactory.initializeBean(AbstractAutowireCapableBeanFactory.java:1808)
	... 18 common frames omitted
Caused by: java.lang.RuntimeException: Driver org.h2.Driver claims to not accept jdbcUrl, jdbc:mysql://localhost:3306/employee_payroll_db
	at com.zaxxer.hikari.util.DriverDataSource.<init>(DriverDataSource.java:109)
	at com.zaxxer.hikari.pool.PoolBase.initializeDataSource(PoolBase.java:327)
	at com.zaxxer.hikari.pool.PoolBase.<init>(PoolBase.java:113)
	at com.zaxxer.hikari.pool.HikariPool.<init>(HikariPool.java:91)
	at com.zaxxer.hikari.HikariDataSource.getConnection(HikariDataSource.java:111)
	at org.hibernate.engine.jdbc.connections.internal.DatasourceConnectionProviderImpl.getConnection(DatasourceConnectionProviderImpl.java:126)
	at org.hibernate.engine.jdbc.env.internal.JdbcEnvironmentInitiator$ConnectionProviderJdbcConnectionAccess.obtainConnection(JdbcEnvironmentInitiator.java:467)
	at org.hibernate.resource.transaction.backend.jdbc.internal.DdlTransactionIsolatorNonJtaImpl.getIsolatedConnection(DdlTransactionIsolatorNonJtaImpl.java:46)
	at org.hibernate.resource.transaction.backend.jdbc.internal.DdlTransactionIsolatorNonJtaImpl.getIsolatedConnection(DdlTransactionIsolatorNonJtaImpl.java:39)
	at org.hibernate.tool.schema.internal.exec.ImprovedExtractionContextImpl.getJdbcConnection(ImprovedExtractionContextImpl.java:63)
	at org.hibernate.tool.schema.internal.exec.ImprovedExtractionContextImpl.getJdbcDatabaseMetaData(ImprovedExtractionContextImpl.java:70)
	at org.hibernate.tool.schema.extract.internal.InformationExtractorJdbcDatabaseMetaDataImpl.processTableResultSet(InformationExtractorJdbcDatabaseMetaDataImpl.java:65)
	at org.hibernate.tool.schema.extract.internal.AbstractInformationExtractorImpl.getTables(AbstractInformationExtractorImpl.java:570)
	at org.hibernate.tool.schema.extract.internal.DatabaseInformationImpl.getTablesInformation(DatabaseInformationImpl.java:122)
	at org.hibernate.tool.schema.internal.GroupedSchemaMigratorImpl.performTablesMigration(GroupedSchemaMigratorImpl.java:72)
	at org.hibernate.tool.schema.internal.AbstractSchemaMigrator.performMigration(AbstractSchemaMigrator.java:233)
	at org.hibernate.tool.schema.internal.AbstractSchemaMigrator.doMigration(AbstractSchemaMigrator.java:112)
	at org.hibernate.tool.schema.spi.SchemaManagementToolCoordinator.performDatabaseAction(SchemaManagementToolCoordinator.java:280)
	at org.hibernate.tool.schema.spi.SchemaManagementToolCoordinator.lambda$process$5(SchemaManagementToolCoordinator.java:144)
	at java.base/java.util.HashMap.forEach(HashMap.java:1430)
	at org.hibernate.tool.schema.spi.SchemaManagementToolCoordinator.process(SchemaManagementToolCoordinator.java:141)
	at org.hibernate.boot.internal.SessionFactoryObserverForSchemaExport.sessionFactoryCreated(SessionFactoryObserverForSchemaExport.java:37)
	at org.hibernate.internal.SessionFactoryObserverChain.sessionFactoryCreated(SessionFactoryObserverChain.java:35)
	at org.hibernate.internal.SessionFactoryImpl.<init>(SessionFactoryImpl.java:324)
	at org.hibernate.boot.internal.SessionFactoryBuilderImpl.build(SessionFactoryBuilderImpl.java:463)
	at org.hibernate.jpa.boot.internal.EntityManagerFactoryBuilderImpl.build(EntityManagerFactoryBuilderImpl.java:1517)
	at org.springframework.orm.jpa.vendor.SpringHibernateJpaPersistenceProvider.createContainerEntityManagerFactory(SpringHibernateJpaPersistenceProvider.java:66)
	at org.springframework.orm.jpa.LocalContainerEntityManagerFactoryBean.createNativeEntityManagerFactory(LocalContainerEntityManagerFactoryBean.java:390)
	at org.springframework.orm.jpa.AbstractEntityManagerFactoryBean.buildNativeEntityManagerFactory(AbstractEntityManagerFactoryBean.java:419)
	... 22 common frames omitted
2025-02-25 13:05:49 [INFO][restartedMain] [c.b.E.EmployeePayrollAppApplication:53] - Starting EmployeePayrollAppApplication using Java 23.0.1 with PID 940 (C:\Users\HI\IdeaProjects\projectcapgemini\Week06-07EmployeePayrollApp\EmployeePayrollApp\target\classes started by HI in C:\Users\HI\IdeaProjects\projectcapgemini\Week06-07EmployeePayrollApp\EmployeePayrollApp)
2025-02-25 13:05:49 [DEBUG][restartedMain] [c.b.E.EmployeePayrollAppApplication:54] - Running with Spring Boot v3.4.3, Spring v6.2.3
2025-02-25 13:05:49 [INFO][restartedMain] [c.b.E.EmployeePayrollAppApplication:658] - The following 1 profile is active: "dev"
2025-02-25 13:05:52 [ERROR][restartedMain] [o.h.e.j.s.SqlExceptionHelper:150] - Access denied for user 'payroll_user'@'localhost' to database 'payroll_db'
2025-02-25 13:05:54 [ERROR][restartedMain] [o.h.e.j.s.SqlExceptionHelper:150] - Access denied for user 'payroll_user'@'localhost' to database 'payroll_db'
2025-02-25 13:05:54 [ERROR][restartedMain] [o.s.o.j.LocalContainerEntityManagerFactoryBean:436] - Failed to initialize JPA EntityManagerFactory: [PersistenceUnit: default] Unable to build Hibernate SessionFactory; nested exception is org.hibernate.exception.SQLGrammarException: Unable to open JDBC Connection for DDL execution [Access denied for user 'payroll_user'@'localhost' to database 'payroll_db'] [n/a]
2025-02-25 13:05:54 [WARN][restartedMain] [o.s.b.w.s.c.AnnotationConfigServletWebServerApplicationContext:635] - Exception encountered during context initialization - cancelling refresh attempt: org.springframework.beans.factory.BeanCreationException: Error creating bean with name 'entityManagerFactory' defined in class path resource [org/springframework/boot/autoconfigure/orm/jpa/HibernateJpaConfiguration.class]: [PersistenceUnit: default] Unable to build Hibernate SessionFactory; nested exception is org.hibernate.exception.SQLGrammarException: Unable to open JDBC Connection for DDL execution [Access denied for user 'payroll_user'@'localhost' to database 'payroll_db'] [n/a]
2025-02-25 13:05:54 [ERROR][restartedMain] [o.s.b.SpringApplication:857] - Application run failed
org.springframework.beans.factory.BeanCreationException: Error creating bean with name 'entityManagerFactory' defined in class path resource [org/springframework/boot/autoconfigure/orm/jpa/HibernateJpaConfiguration.class]: [PersistenceUnit: default] Unable to build Hibernate SessionFactory; nested exception is org.hibernate.exception.SQLGrammarException: Unable to open JDBC Connection for DDL execution [Access denied for user 'payroll_user'@'localhost' to database 'payroll_db'] [n/a]
	at org.springframework.beans.factory.support.AbstractAutowireCapableBeanFactory.initializeBean(AbstractAutowireCapableBeanFactory.java:1812)
	at org.springframework.beans.factory.support.AbstractAutowireCapableBeanFactory.doCreateBean(AbstractAutowireCapableBeanFactory.java:601)
	at org.springframework.beans.factory.support.AbstractAutowireCapableBeanFactory.createBean(AbstractAutowireCapableBeanFactory.java:523)
	at org.springframework.beans.factory.support.AbstractBeanFactory.lambda$doGetBean$0(AbstractBeanFactory.java:339)
	at org.springframework.beans.factory.support.DefaultSingletonBeanRegistry.getSingleton(DefaultSingletonBeanRegistry.java:346)
	at org.springframework.beans.factory.support.AbstractBeanFactory.doGetBean(AbstractBeanFactory.java:337)
	at org.springframework.beans.factory.support.AbstractBeanFactory.getBean(AbstractBeanFactory.java:207)
	at org.springframework.context.support.AbstractApplicationContext.finishBeanFactoryInitialization(AbstractApplicationContext.java:970)
	at org.springframework.context.support.AbstractApplicationContext.refresh(AbstractApplicationContext.java:627)
	at org.springframework.boot.web.servlet.context.ServletWebServerApplicationContext.refresh(ServletWebServerApplicationContext.java:146)
	at org.springframework.boot.SpringApplication.refresh(SpringApplication.java:752)
	at org.springframework.boot.SpringApplication.refreshContext(SpringApplication.java:439)
	at org.springframework.boot.SpringApplication.run(SpringApplication.java:318)
	at org.springframework.boot.SpringApplication.run(SpringApplication.java:1361)
	at org.springframework.boot.SpringApplication.run(SpringApplication.java:1350)
	at com.bridgelabz.EmployeePayrollApp.EmployeePayrollAppApplication.main(EmployeePayrollAppApplication.java:12)
	at java.base/jdk.internal.reflect.DirectMethodHandleAccessor.invoke(DirectMethodHandleAccessor.java:103)
	at java.base/java.lang.reflect.Method.invoke(Method.java:580)
	at org.springframework.boot.devtools.restart.RestartLauncher.run(RestartLauncher.java:50)
Caused by: jakarta.persistence.PersistenceException: [PersistenceUnit: default] Unable to build Hibernate SessionFactory; nested exception is org.hibernate.exception.SQLGrammarException: Unable to open JDBC Connection for DDL execution [Access denied for user 'payroll_user'@'localhost' to database 'payroll_db'] [n/a]
	at org.springframework.orm.jpa.AbstractEntityManagerFactoryBean.buildNativeEntityManagerFactory(AbstractEntityManagerFactoryBean.java:431)
	at org.springframework.orm.jpa.AbstractEntityManagerFactoryBean.afterPropertiesSet(AbstractEntityManagerFactoryBean.java:400)
	at org.springframework.orm.jpa.LocalContainerEntityManagerFactoryBean.afterPropertiesSet(LocalContainerEntityManagerFactoryBean.java:366)
	at org.springframework.beans.factory.support.AbstractAutowireCapableBeanFactory.invokeInitMethods(AbstractAutowireCapableBeanFactory.java:1859)
	at org.springframework.beans.factory.support.AbstractAutowireCapableBeanFactory.initializeBean(AbstractAutowireCapableBeanFactory.java:1808)
	... 18 common frames omitted
Caused by: org.hibernate.exception.SQLGrammarException: Unable to open JDBC Connection for DDL execution [Access denied for user 'payroll_user'@'localhost' to database 'payroll_db'] [n/a]
	at org.hibernate.exception.internal.SQLExceptionTypeDelegate.convert(SQLExceptionTypeDelegate.java:66)
	at org.hibernate.exception.internal.StandardSQLExceptionConverter.convert(StandardSQLExceptionConverter.java:58)
	at org.hibernate.engine.jdbc.spi.SqlExceptionHelper.convert(SqlExceptionHelper.java:108)
	at org.hibernate.engine.jdbc.spi.SqlExceptionHelper.convert(SqlExceptionHelper.java:94)
	at org.hibernate.resource.transaction.backend.jdbc.internal.DdlTransactionIsolatorNonJtaImpl.getIsolatedConnection(DdlTransactionIsolatorNonJtaImpl.java:74)
	at org.hibernate.resource.transaction.backend.jdbc.internal.DdlTransactionIsolatorNonJtaImpl.getIsolatedConnection(DdlTransactionIsolatorNonJtaImpl.java:39)
	at org.hibernate.tool.schema.internal.exec.ImprovedExtractionContextImpl.getJdbcConnection(ImprovedExtractionContextImpl.java:63)
	at org.hibernate.tool.schema.internal.exec.ImprovedExtractionContextImpl.getJdbcDatabaseMetaData(ImprovedExtractionContextImpl.java:70)
	at org.hibernate.tool.schema.extract.internal.InformationExtractorJdbcDatabaseMetaDataImpl.processTableResultSet(InformationExtractorJdbcDatabaseMetaDataImpl.java:65)
	at org.hibernate.tool.schema.extract.internal.AbstractInformationExtractorImpl.getTables(AbstractInformationExtractorImpl.java:570)
	at org.hibernate.tool.schema.extract.internal.DatabaseInformationImpl.getTablesInformation(DatabaseInformationImpl.java:122)
	at org.hibernate.tool.schema.internal.GroupedSchemaMigratorImpl.performTablesMigration(GroupedSchemaMigratorImpl.java:72)
	at org.hibernate.tool.schema.internal.AbstractSchemaMigrator.performMigration(AbstractSchemaMigrator.java:233)
	at org.hibernate.tool.schema.internal.AbstractSchemaMigrator.doMigration(AbstractSchemaMigrator.java:112)
	at org.hibernate.tool.schema.spi.SchemaManagementToolCoordinator.performDatabaseAction(SchemaManagementToolCoordinator.java:280)
	at org.hibernate.tool.schema.spi.SchemaManagementToolCoordinator.lambda$process$5(SchemaManagementToolCoordinator.java:144)
	at java.base/java.util.HashMap.forEach(HashMap.java:1430)
	at org.hibernate.tool.schema.spi.SchemaManagementToolCoordinator.process(SchemaManagementToolCoordinator.java:141)
	at org.hibernate.boot.internal.SessionFactoryObserverForSchemaExport.sessionFactoryCreated(SessionFactoryObserverForSchemaExport.java:37)
	at org.hibernate.internal.SessionFactoryObserverChain.sessionFactoryCreated(SessionFactoryObserverChain.java:35)
	at org.hibernate.internal.SessionFactoryImpl.<init>(SessionFactoryImpl.java:324)
	at org.hibernate.boot.internal.SessionFactoryBuilderImpl.build(SessionFactoryBuilderImpl.java:463)
	at org.hibernate.jpa.boot.internal.EntityManagerFactoryBuilderImpl.build(EntityManagerFactoryBuilderImpl.java:1517)
	at org.springframework.orm.jpa.vendor.SpringHibernateJpaPersistenceProvider.createContainerEntityManagerFactory(SpringHibernateJpaPersistenceProvider.java:66)
	at org.springframework.orm.jpa.LocalContainerEntityManagerFactoryBean.createNativeEntityManagerFactory(LocalContainerEntityManagerFactoryBean.java:390)
	at org.springframework.orm.jpa.AbstractEntityManagerFactoryBean.buildNativeEntityManagerFactory(AbstractEntityManagerFactoryBean.java:419)
	... 22 common frames omitted
Caused by: java.sql.SQLSyntaxErrorException: Access denied for user 'payroll_user'@'localhost' to database 'payroll_db'
	at com.mysql.cj.jdbc.exceptions.SQLError.createSQLException(SQLError.java:112)
	at com.mysql.cj.jdbc.exceptions.SQLExceptionsMapping.translateException(SQLExceptionsMapping.java:114)
	at com.mysql.cj.jdbc.ConnectionImpl.createNewIO(ConnectionImpl.java:837)
	at com.mysql.cj.jdbc.ConnectionImpl.<init>(ConnectionImpl.java:420)
	at com.mysql.cj.jdbc.ConnectionImpl.getInstance(ConnectionImpl.java:238)
	at com.mysql.cj.jdbc.NonRegisteringDriver.connect(NonRegisteringDriver.java:180)
	at com.zaxxer.hikari.util.DriverDataSource.getConnection(DriverDataSource.java:137)
	at com.zaxxer.hikari.pool.PoolBase.newConnection(PoolBase.java:360)
	at com.zaxxer.hikari.pool.PoolBase.newPoolEntry(PoolBase.java:202)
	at com.zaxxer.hikari.pool.HikariPool.createPoolEntry(HikariPool.java:461)
	at com.zaxxer.hikari.pool.HikariPool.checkFailFast(HikariPool.java:550)
	at com.zaxxer.hikari.pool.HikariPool.<init>(HikariPool.java:98)
	at com.zaxxer.hikari.HikariDataSource.getConnection(HikariDataSource.java:111)
	at org.hibernate.engine.jdbc.connections.internal.DatasourceConnectionProviderImpl.getConnection(DatasourceConnectionProviderImpl.java:126)
	at org.hibernate.engine.jdbc.env.internal.JdbcEnvironmentInitiator$ConnectionProviderJdbcConnectionAccess.obtainConnection(JdbcEnvironmentInitiator.java:467)
	at org.hibernate.resource.transaction.backend.jdbc.internal.DdlTransactionIsolatorNonJtaImpl.getIsolatedConnection(DdlTransactionIsolatorNonJtaImpl.java:46)
	... 43 common frames omitted
2025-02-25 13:13:31 [INFO][restartedMain] [c.b.E.EmployeePayrollAppApplication:53] - Starting EmployeePayrollAppApplication using Java 23.0.1 with PID 17340 (C:\Users\HI\IdeaProjects\projectcapgemini\Week06-07EmployeePayrollApp\EmployeePayrollApp\target\classes started by HI in C:\Users\HI\IdeaProjects\projectcapgemini\Week06-07EmployeePayrollApp\EmployeePayrollApp)
2025-02-25 13:13:31 [DEBUG][restartedMain] [c.b.E.EmployeePayrollAppApplication:54] - Running with Spring Boot v3.4.3, Spring v6.2.3
2025-02-25 13:13:31 [INFO][restartedMain] [c.b.E.EmployeePayrollAppApplication:658] - The following 1 profile is active: "dev"
2025-02-25 13:13:36 [ERROR][restartedMain] [o.h.e.j.s.SqlExceptionHelper:150] - Access denied for user 'payroll_user'@'localhost' to database 'payroll_db'
2025-02-25 13:13:38 [ERROR][restartedMain] [o.h.e.j.s.SqlExceptionHelper:150] - Access denied for user 'payroll_user'@'localhost' to database 'payroll_db'
2025-02-25 13:13:38 [ERROR][restartedMain] [o.s.o.j.LocalContainerEntityManagerFactoryBean:436] - Failed to initialize JPA EntityManagerFactory: [PersistenceUnit: default] Unable to build Hibernate SessionFactory; nested exception is org.hibernate.exception.SQLGrammarException: Unable to open JDBC Connection for DDL execution [Access denied for user 'payroll_user'@'localhost' to database 'payroll_db'] [n/a]
2025-02-25 13:13:38 [WARN][restartedMain] [o.s.b.w.s.c.AnnotationConfigServletWebServerApplicationContext:635] - Exception encountered during context initialization - cancelling refresh attempt: org.springframework.beans.factory.BeanCreationException: Error creating bean with name 'entityManagerFactory' defined in class path resource [org/springframework/boot/autoconfigure/orm/jpa/HibernateJpaConfiguration.class]: [PersistenceUnit: default] Unable to build Hibernate SessionFactory; nested exception is org.hibernate.exception.SQLGrammarException: Unable to open JDBC Connection for DDL execution [Access denied for user 'payroll_user'@'localhost' to database 'payroll_db'] [n/a]
2025-02-25 13:13:38 [ERROR][restartedMain] [o.s.b.SpringApplication:857] - Application run failed
org.springframework.beans.factory.BeanCreationException: Error creating bean with name 'entityManagerFactory' defined in class path resource [org/springframework/boot/autoconfigure/orm/jpa/HibernateJpaConfiguration.class]: [PersistenceUnit: default] Unable to build Hibernate SessionFactory; nested exception is org.hibernate.exception.SQLGrammarException: Unable to open JDBC Connection for DDL execution [Access denied for user 'payroll_user'@'localhost' to database 'payroll_db'] [n/a]
	at org.springframework.beans.factory.support.AbstractAutowireCapableBeanFactory.initializeBean(AbstractAutowireCapableBeanFactory.java:1812)
	at org.springframework.beans.factory.support.AbstractAutowireCapableBeanFactory.doCreateBean(AbstractAutowireCapableBeanFactory.java:601)
	at org.springframework.beans.factory.support.AbstractAutowireCapableBeanFactory.createBean(AbstractAutowireCapableBeanFactory.java:523)
	at org.springframework.beans.factory.support.AbstractBeanFactory.lambda$doGetBean$0(AbstractBeanFactory.java:339)
	at org.springframework.beans.factory.support.DefaultSingletonBeanRegistry.getSingleton(DefaultSingletonBeanRegistry.java:346)
	at org.springframework.beans.factory.support.AbstractBeanFactory.doGetBean(AbstractBeanFactory.java:337)
	at org.springframework.beans.factory.support.AbstractBeanFactory.getBean(AbstractBeanFactory.java:207)
	at org.springframework.context.support.AbstractApplicationContext.finishBeanFactoryInitialization(AbstractApplicationContext.java:970)
	at org.springframework.context.support.AbstractApplicationContext.refresh(AbstractApplicationContext.java:627)
	at org.springframework.boot.web.servlet.context.ServletWebServerApplicationContext.refresh(ServletWebServerApplicationContext.java:146)
	at org.springframework.boot.SpringApplication.refresh(SpringApplication.java:752)
	at org.springframework.boot.SpringApplication.refreshContext(SpringApplication.java:439)
	at org.springframework.boot.SpringApplication.run(SpringApplication.java:318)
	at org.springframework.boot.SpringApplication.run(SpringApplication.java:1361)
	at org.springframework.boot.SpringApplication.run(SpringApplication.java:1350)
	at com.bridgelabz.EmployeePayrollApp.EmployeePayrollAppApplication.main(EmployeePayrollAppApplication.java:12)
	at java.base/jdk.internal.reflect.DirectMethodHandleAccessor.invoke(DirectMethodHandleAccessor.java:103)
	at java.base/java.lang.reflect.Method.invoke(Method.java:580)
	at org.springframework.boot.devtools.restart.RestartLauncher.run(RestartLauncher.java:50)
Caused by: jakarta.persistence.PersistenceException: [PersistenceUnit: default] Unable to build Hibernate SessionFactory; nested exception is org.hibernate.exception.SQLGrammarException: Unable to open JDBC Connection for DDL execution [Access denied for user 'payroll_user'@'localhost' to database 'payroll_db'] [n/a]
	at org.springframework.orm.jpa.AbstractEntityManagerFactoryBean.buildNativeEntityManagerFactory(AbstractEntityManagerFactoryBean.java:431)
	at org.springframework.orm.jpa.AbstractEntityManagerFactoryBean.afterPropertiesSet(AbstractEntityManagerFactoryBean.java:400)
	at org.springframework.orm.jpa.LocalContainerEntityManagerFactoryBean.afterPropertiesSet(LocalContainerEntityManagerFactoryBean.java:366)
	at org.springframework.beans.factory.support.AbstractAutowireCapableBeanFactory.invokeInitMethods(AbstractAutowireCapableBeanFactory.java:1859)
	at org.springframework.beans.factory.support.AbstractAutowireCapableBeanFactory.initializeBean(AbstractAutowireCapableBeanFactory.java:1808)
	... 18 common frames omitted
Caused by: org.hibernate.exception.SQLGrammarException: Unable to open JDBC Connection for DDL execution [Access denied for user 'payroll_user'@'localhost' to database 'payroll_db'] [n/a]
	at org.hibernate.exception.internal.SQLExceptionTypeDelegate.convert(SQLExceptionTypeDelegate.java:66)
	at org.hibernate.exception.internal.StandardSQLExceptionConverter.convert(StandardSQLExceptionConverter.java:58)
	at org.hibernate.engine.jdbc.spi.SqlExceptionHelper.convert(SqlExceptionHelper.java:108)
	at org.hibernate.engine.jdbc.spi.SqlExceptionHelper.convert(SqlExceptionHelper.java:94)
	at org.hibernate.resource.transaction.backend.jdbc.internal.DdlTransactionIsolatorNonJtaImpl.getIsolatedConnection(DdlTransactionIsolatorNonJtaImpl.java:74)
	at org.hibernate.resource.transaction.backend.jdbc.internal.DdlTransactionIsolatorNonJtaImpl.getIsolatedConnection(DdlTransactionIsolatorNonJtaImpl.java:39)
	at org.hibernate.tool.schema.internal.exec.ImprovedExtractionContextImpl.getJdbcConnection(ImprovedExtractionContextImpl.java:63)
	at org.hibernate.tool.schema.internal.exec.ImprovedExtractionContextImpl.getJdbcDatabaseMetaData(ImprovedExtractionContextImpl.java:70)
	at org.hibernate.tool.schema.extract.internal.InformationExtractorJdbcDatabaseMetaDataImpl.processTableResultSet(InformationExtractorJdbcDatabaseMetaDataImpl.java:65)
	at org.hibernate.tool.schema.extract.internal.AbstractInformationExtractorImpl.getTables(AbstractInformationExtractorImpl.java:570)
	at org.hibernate.tool.schema.extract.internal.DatabaseInformationImpl.getTablesInformation(DatabaseInformationImpl.java:122)
	at org.hibernate.tool.schema.internal.GroupedSchemaMigratorImpl.performTablesMigration(GroupedSchemaMigratorImpl.java:72)
	at org.hibernate.tool.schema.internal.AbstractSchemaMigrator.performMigration(AbstractSchemaMigrator.java:233)
	at org.hibernate.tool.schema.internal.AbstractSchemaMigrator.doMigration(AbstractSchemaMigrator.java:112)
	at org.hibernate.tool.schema.spi.SchemaManagementToolCoordinator.performDatabaseAction(SchemaManagementToolCoordinator.java:280)
	at org.hibernate.tool.schema.spi.SchemaManagementToolCoordinator.lambda$process$5(SchemaManagementToolCoordinator.java:144)
	at java.base/java.util.HashMap.forEach(HashMap.java:1430)
	at org.hibernate.tool.schema.spi.SchemaManagementToolCoordinator.process(SchemaManagementToolCoordinator.java:141)
	at org.hibernate.boot.internal.SessionFactoryObserverForSchemaExport.sessionFactoryCreated(SessionFactoryObserverForSchemaExport.java:37)
	at org.hibernate.internal.SessionFactoryObserverChain.sessionFactoryCreated(SessionFactoryObserverChain.java:35)
	at org.hibernate.internal.SessionFactoryImpl.<init>(SessionFactoryImpl.java:324)
	at org.hibernate.boot.internal.SessionFactoryBuilderImpl.build(SessionFactoryBuilderImpl.java:463)
	at org.hibernate.jpa.boot.internal.EntityManagerFactoryBuilderImpl.build(EntityManagerFactoryBuilderImpl.java:1517)
	at org.springframework.orm.jpa.vendor.SpringHibernateJpaPersistenceProvider.createContainerEntityManagerFactory(SpringHibernateJpaPersistenceProvider.java:66)
	at org.springframework.orm.jpa.LocalContainerEntityManagerFactoryBean.createNativeEntityManagerFactory(LocalContainerEntityManagerFactoryBean.java:390)
	at org.springframework.orm.jpa.AbstractEntityManagerFactoryBean.buildNativeEntityManagerFactory(AbstractEntityManagerFactoryBean.java:419)
	... 22 common frames omitted
Caused by: java.sql.SQLSyntaxErrorException: Access denied for user 'payroll_user'@'localhost' to database 'payroll_db'
	at com.mysql.cj.jdbc.exceptions.SQLError.createSQLException(SQLError.java:112)
	at com.mysql.cj.jdbc.exceptions.SQLExceptionsMapping.translateException(SQLExceptionsMapping.java:114)
	at com.mysql.cj.jdbc.ConnectionImpl.createNewIO(ConnectionImpl.java:837)
	at com.mysql.cj.jdbc.ConnectionImpl.<init>(ConnectionImpl.java:420)
	at com.mysql.cj.jdbc.ConnectionImpl.getInstance(ConnectionImpl.java:238)
	at com.mysql.cj.jdbc.NonRegisteringDriver.connect(NonRegisteringDriver.java:180)
	at com.zaxxer.hikari.util.DriverDataSource.getConnection(DriverDataSource.java:137)
	at com.zaxxer.hikari.pool.PoolBase.newConnection(PoolBase.java:360)
	at com.zaxxer.hikari.pool.PoolBase.newPoolEntry(PoolBase.java:202)
	at com.zaxxer.hikari.pool.HikariPool.createPoolEntry(HikariPool.java:461)
	at com.zaxxer.hikari.pool.HikariPool.checkFailFast(HikariPool.java:550)
	at com.zaxxer.hikari.pool.HikariPool.<init>(HikariPool.java:98)
	at com.zaxxer.hikari.HikariDataSource.getConnection(HikariDataSource.java:111)
	at org.hibernate.engine.jdbc.connections.internal.DatasourceConnectionProviderImpl.getConnection(DatasourceConnectionProviderImpl.java:126)
	at org.hibernate.engine.jdbc.env.internal.JdbcEnvironmentInitiator$ConnectionProviderJdbcConnectionAccess.obtainConnection(JdbcEnvironmentInitiator.java:467)
	at org.hibernate.resource.transaction.backend.jdbc.internal.DdlTransactionIsolatorNonJtaImpl.getIsolatedConnection(DdlTransactionIsolatorNonJtaImpl.java:46)
	... 43 common frames omitted
2025-02-25 13:15:15 [INFO][restartedMain] [c.b.E.EmployeePayrollAppApplication:53] - Starting EmployeePayrollAppApplication using Java 23.0.1 with PID 4980 (C:\Users\HI\IdeaProjects\projectcapgemini\Week06-07EmployeePayrollApp\EmployeePayrollApp\target\classes started by HI in C:\Users\HI\IdeaProjects\projectcapgemini\Week06-07EmployeePayrollApp\EmployeePayrollApp)
2025-02-25 13:15:15 [DEBUG][restartedMain] [c.b.E.EmployeePayrollAppApplication:54] - Running with Spring Boot v3.4.3, Spring v6.2.3
2025-02-25 13:15:15 [INFO][restartedMain] [c.b.E.EmployeePayrollAppApplication:658] - The following 1 profile is active: "dev"
2025-02-25 13:15:18 [DEBUG][restartedMain] [o.h.SQL:135] - create table employee (id bigint not null auto_increment, name varchar(255), salary float(53) not null, primary key (id)) engine=InnoDB
2025-02-25 13:15:19 [WARN][restartedMain] [o.s.b.a.o.j.JpaBaseConfiguration$JpaWebConfiguration:241] - spring.jpa.open-in-view is enabled by default. Therefore, database queries may be performed during view rendering. Explicitly configure spring.jpa.open-in-view to disable this warning
2025-02-25 13:15:19 [INFO][restartedMain] [c.b.E.EmployeePayrollAppApplication:59] - Started EmployeePayrollAppApplication in 4.322 seconds (process running for 4.844)
2025-02-25 13:15:19 [INFO][restartedMain] [c.b.E.EmployeePayrollAppApplication:13] - Employee Payroll Application has started successfully in enviroment: DEV
2025-02-25 13:17:59 [INFO][restartedMain] [c.b.E.EmployeePayrollAppApplication:53] - Starting EmployeePayrollAppApplication using Java 23.0.1 with PID 14120 (C:\Users\HI\IdeaProjects\projectcapgemini\Week06-07EmployeePayrollApp\EmployeePayrollApp\target\classes started by HI in C:\Users\HI\IdeaProjects\projectcapgemini\Week06-07EmployeePayrollApp\EmployeePayrollApp)
2025-02-25 13:17:59 [DEBUG][restartedMain] [c.b.E.EmployeePayrollAppApplication:54] - Running with Spring Boot v3.4.3, Spring v6.2.3
2025-02-25 13:17:59 [INFO][restartedMain] [c.b.E.EmployeePayrollAppApplication:658] - The following 1 profile is active: "dev"
2025-02-25 13:18:03 [DEBUG][restartedMain] [o.h.SQL:135] - create table employee_payroll (id bigint not null auto_increment, name varchar(255), salary float(53) not null, primary key (id)) engine=InnoDB
2025-02-25 13:18:03 [WARN][restartedMain] [o.s.b.a.o.j.JpaBaseConfiguration$JpaWebConfiguration:241] - spring.jpa.open-in-view is enabled by default. Therefore, database queries may be performed during view rendering. Explicitly configure spring.jpa.open-in-view to disable this warning
2025-02-25 13:18:04 [INFO][restartedMain] [c.b.E.EmployeePayrollAppApplication:59] - Started EmployeePayrollAppApplication in 4.994 seconds (process running for 5.556)
2025-02-25 13:18:04 [INFO][restartedMain] [c.b.E.EmployeePayrollAppApplication:13] - Employee Payroll Application has started successfully in enviroment: DEV
2025-02-25 13:20:01 [DEBUG][http-nio-8080-exec-1] [o.h.SQL:135] - select e1_0.id,e1_0.name,e1_0.salary from employee_payroll e1_0
2025-02-25 13:20:19 [DEBUG][http-nio-8080-exec-3] [o.h.SQL:135] - insert into employee_payroll (name,salary) values (?,?)
2025-02-25 13:20:38 [DEBUG][http-nio-8080-exec-4] [o.h.SQL:135] - insert into employee_payroll (name,salary) values (?,?)
